#
# There is insufficient memory for the Java Runtime Environment to continue.
# Native memory allocation (malloc) failed to allocate 1197856 bytes for Chunk::new
# Possible reasons:
#   The system is out of physical RAM or swap space
#   In 32 bit mode, the process size limit was hit
# Possible solutions:
#   Reduce memory load on the system
#   Increase physical memory or swap space
#   Check if swap backing store is full
#   Use 64 bit Java on a 64 bit OS
#   Decrease Java heap size (-Xmx/-Xms)
#   Decrease number of Java threads
#   Decrease Java thread stack sizes (-Xss)
#   Set larger code cache with -XX:ReservedCodeCacheSize=
# This output file may be truncated or incomplete.
#
#  Out of Memory Error (allocation.cpp:390), pid=5036, tid=2580
#
# JRE version: Java(TM) SE Runtime Environment (8.0_45-b15) (build 1.8.0_45-b15)
# Java VM: Java HotSpot(TM) 64-Bit Server VM (25.45-b02 mixed mode windows-amd64 compressed oops)
# Failed to write core dump. Minidumps are not enabled by default on client versions of Windows
#

---------------  T H R E A D  ---------------

Current thread (0x00000000176a1000):  JavaThread "C2 CompilerThread1" daemon [_thread_in_native, id=2580, stack(0x0000000018cf0000,0x0000000018df0000)]

Stack: [0x0000000018cf0000,0x0000000018df0000]
Native frames: (J=compiled Java code, j=interpreted, Vv=VM code, C=native code)
V  [jvm.dll+0x32b57a]
V  [jvm.dll+0x279873]
V  [jvm.dll+0x27a509]
V  [jvm.dll+0x271825]
V  [jvm.dll+0xcb9e2]
V  [jvm.dll+0xcbeac]
V  [jvm.dll+0x4929e7]
V  [jvm.dll+0x45f6ff]
V  [jvm.dll+0x46a73b]
V  [jvm.dll+0x46cd52]
V  [jvm.dll+0x4500f2]
V  [jvm.dll+0xa4352]
V  [jvm.dll+0xa4c8f]
V  [jvm.dll+0x241984]
V  [jvm.dll+0x29853a]
C  [msvcr100.dll+0x21d9f]
C  [msvcr100.dll+0x21e3b]
C  [KERNEL32.DLL+0x13d2]
C  [ntdll.dll+0x154e4]


Current CompileTask:
C2:  15417 4498       4       com.sun.javafx.css.StyleManager::findMatchingStyles (1239 bytes)


---------------  P R O C E S S  ---------------

Java Threads: ( => current thread )
  0x000000001c61c800 JavaThread "Prism Font Disposer" daemon [_thread_blocked, id=4440, stack(0x000000001ee00000,0x000000001ef00000)]
  0x000000001b48c000 JavaThread "JavaFX-Launcher" [_thread_blocked, id=5844, stack(0x000000001ba20000,0x000000001bb20000)]
  0x000000001b328000 JavaThread "Thread-2" daemon [_thread_in_native, id=5224, stack(0x0000000019730000,0x0000000019830000)]
  0x00000000192ab800 JavaThread "JavaFX Application Thread" [_thread_in_native, id=6460, stack(0x0000000019930000,0x0000000019a30000)]
  0x00000000192ab000 JavaThread "Thread-1" daemon [_thread_blocked, id=6644, stack(0x0000000019830000,0x0000000019930000)]
  0x000000001927d000 JavaThread "QuantumRenderer-0" daemon [_thread_blocked, id=6472, stack(0x00000000194f0000,0x00000000195f0000)]
  0x0000000018f22800 JavaThread "Service Thread" daemon [_thread_blocked, id=6464, stack(0x00000000192f0000,0x00000000193f0000)]
  0x00000000176a6000 JavaThread "C1 CompilerThread2" daemon [_thread_in_vm, id=3112, stack(0x0000000018df0000,0x0000000018ef0000)]
=>0x00000000176a1000 JavaThread "C2 CompilerThread1" daemon [_thread_in_native, id=2580, stack(0x0000000018cf0000,0x0000000018df0000)]
  0x000000001769e800 JavaThread "C2 CompilerThread0" daemon [_thread_in_native, id=6448, stack(0x0000000018bf0000,0x0000000018cf0000)]
  0x000000001769d000 JavaThread "Attach Listener" daemon [_thread_blocked, id=6628, stack(0x0000000018af0000,0x0000000018bf0000)]
  0x000000001769b800 JavaThread "Signal Dispatcher" daemon [_thread_blocked, id=5000, stack(0x00000000189f0000,0x0000000018af0000)]
  0x0000000002b58000 JavaThread "Finalizer" daemon [_thread_blocked, id=6568, stack(0x00000000188f0000,0x00000000189f0000)]
  0x0000000002b4f000 JavaThread "Reference Handler" daemon [_thread_blocked, id=6364, stack(0x00000000187f0000,0x00000000188f0000)]
  0x0000000002a62800 JavaThread "main" [_thread_blocked, id=4864, stack(0x0000000001200000,0x0000000001300000)]

Other Threads:
  0x0000000017667800 VMThread [stack: 0x00000000186f0000,0x00000000187f0000] [id=1344]
  0x0000000018f33000 WatcherThread [stack: 0x00000000193f0000,0x00000000194f0000] [id=6468]

VM state:not at safepoint (normal execution)

VM Mutex/Monitor currently owned by a thread: None

Heap:
 PSYoungGen      total 70144K, used 55434K [0x00000000d5e00000, 0x00000000db280000, 0x0000000100000000)
  eden space 60416K, 75% used [0x00000000d5e00000,0x00000000d8aa6a18,0x00000000d9900000)
  from space 9728K, 99% used [0x00000000d9900000,0x00000000da27c0a0,0x00000000da280000)
  to   space 8704K, 0% used [0x00000000da280000,0x00000000da280000,0x00000000dab00000)
 ParOldGen       total 64512K, used 14674K [0x0000000081a00000, 0x0000000085900000, 0x00000000d5e00000)
  object space 64512K, 22% used [0x0000000081a00000,0x0000000082854b48,0x0000000085900000)
 Metaspace       used 28823K, capacity 30453K, committed 30592K, reserved 1075200K
  class space    used 3820K, capacity 4130K, committed 4224K, reserved 1048576K

Card table byte_map: [0x0000000011f20000,0x0000000012320000] byte_map_base: 0x0000000011b13000

Marking Bits: (ParMarkBitMap*) 0x0000000054dd4040
 Begin Bits: [0x00000000129d0000, 0x0000000014968000)
 End Bits:   [0x0000000014968000, 0x0000000016900000)

Polling page: 0x00000000010a0000

CodeCache: size=245760Kb used=15359Kb max_used=15436Kb free=230400Kb
 bounds [0x0000000002b60000, 0x0000000003a80000, 0x0000000011b60000]
 total_blobs=5649 nmethods=4887 adapters=671
 compilation: enabled

Compilation events (10 events):
Event: 15.204 Thread 0x00000000176a6000 4912       3       com.sun.javafx.sg.prism.NGText::getStrike (292 bytes)
Event: 15.206 Thread 0x00000000176a6000 nmethod 4912 0x0000000003a70050 code [0x0000000003a70380, 0x0000000003a71c98]
Event: 15.206 Thread 0x00000000176a6000 4909       1       com.sun.prism.impl.BaseResourceFactory::getGlyphTexture (5 bytes)
Event: 15.206 Thread 0x00000000176a6000 nmethod 4909 0x0000000003a72650 code [0x0000000003a727a0, 0x0000000003a728b0]
Event: 15.206 Thread 0x00000000176a6000 4916       3       com.sun.javafx.sg.prism.NGNode::renderForClip (21 bytes)
Event: 15.207 Thread 0x00000000176a6000 nmethod 4916 0x0000000003a72910 code [0x0000000003a72a80, 0x0000000003a72e38]
Event: 15.207 Thread 0x00000000176a6000 4908       1       com.sun.prism.impl.BaseContext::getAssociatedScreen (5 bytes)
Event: 15.207 Thread 0x00000000176a6000 nmethod 4908 0x0000000003a72f10 code [0x0000000003a73060, 0x0000000003a73170]
Event: 15.243 Thread 0x00000000176a6000 4925       3       javafx.application.Platform::isSupported (5 bytes)
Event: 15.243 Thread 0x00000000176a6000 nmethod 4925 0x0000000003a731d0 code [0x0000000003a73340, 0x0000000003a734a8]

GC Heap History (10 events):
Event: 8.174 GC heap before
{Heap before GC invocations=4 (full 1):
 PSYoungGen      total 38400K, used 33280K [0x00000000d5e00000, 0x00000000da900000, 0x0000000100000000)
  eden space 33280K, 100% used [0x00000000d5e00000,0x00000000d7e80000,0x00000000d7e80000)
  from space 5120K, 0% used [0x00000000d8380000,0x00000000d8380000,0x00000000d8880000)
  to   space 5120K, 0% used [0x00000000d7e80000,0x00000000d7e80000,0x00000000d8380000)
 ParOldGen       total 64512K, used 6170K [0x0000000081a00000, 0x0000000085900000, 0x00000000d5e00000)
  object space 64512K, 9% used [0x0000000081a00000,0x0000000082006868,0x0000000085900000)
 Metaspace       used 24224K, capacity 25457K, committed 25728K, reserved 1071104K
  class space    used 3369K, capacity 3628K, committed 3712K, reserved 1048576K
Event: 8.180 GC heap after
Heap after GC invocations=4 (full 1):
 PSYoungGen      total 38400K, used 5088K [0x00000000d5e00000, 0x00000000d9080000, 0x0000000100000000)
  eden space 33280K, 0% used [0x00000000d5e00000,0x00000000d5e00000,0x00000000d7e80000)
  from space 5120K, 99% used [0x00000000d7e80000,0x00000000d8378010,0x00000000d8380000)
  to   space 5120K, 0% used [0x00000000d8b80000,0x00000000d8b80000,0x00000000d9080000)
 ParOldGen       total 64512K, used 8552K [0x0000000081a00000, 0x0000000085900000, 0x00000000d5e00000)
  object space 64512K, 13% used [0x0000000081a00000,0x000000008225a1e0,0x0000000085900000)
 Metaspace       used 24224K, capacity 25457K, committed 25728K, reserved 1071104K
  class space    used 3369K, capacity 3628K, committed 3712K, reserved 1048576K
}
Event: 8.532 GC heap before
{Heap before GC invocations=5 (full 1):
 PSYoungGen      total 38400K, used 38368K [0x00000000d5e00000, 0x00000000d9080000, 0x0000000100000000)
  eden space 33280K, 100% used [0x00000000d5e00000,0x00000000d7e80000,0x00000000d7e80000)
  from space 5120K, 99% used [0x00000000d7e80000,0x00000000d8378010,0x00000000d8380000)
  to   space 5120K, 0% used [0x00000000d8b80000,0x00000000d8b80000,0x00000000d9080000)
 ParOldGen       total 64512K, used 8552K [0x0000000081a00000, 0x0000000085900000, 0x00000000d5e00000)
  object space 64512K, 13% used [0x0000000081a00000,0x000000008225a1e0,0x0000000085900000)
 Metaspace       used 25747K, capacity 27031K, committed 27136K, reserved 1073152K
  class space    used 3519K, capacity 3789K, committed 3840K, reserved 1048576K
Event: 8.540 GC heap after
Heap after GC invocations=5 (full 1):
 PSYoungGen      total 46592K, used 5088K [0x00000000d5e00000, 0x00000000d9380000, 0x0000000100000000)
  eden space 41472K, 0% used [0x00000000d5e00000,0x00000000d5e00000,0x00000000d8680000)
  from space 5120K, 99% used [0x00000000d8b80000,0x00000000d9078020,0x00000000d9080000)
  to   space 5120K, 0% used [0x00000000d8680000,0x00000000d8680000,0x00000000d8b80000)
 ParOldGen       total 64512K, used 10898K [0x0000000081a00000, 0x0000000085900000, 0x00000000d5e00000)
  object space 64512K, 16% used [0x0000000081a00000,0x00000000824a4a68,0x0000000085900000)
 Metaspace       used 25747K, capacity 27031K, committed 27136K, reserved 1073152K
  class space    used 3519K, capacity 3789K, committed 3840K, reserved 1048576K
}
Event: 8.665 GC heap before
{Heap before GC invocations=6 (full 1):
 PSYoungGen      total 46592K, used 46560K [0x00000000d5e00000, 0x00000000d9380000, 0x0000000100000000)
  eden space 41472K, 100% used [0x00000000d5e00000,0x00000000d8680000,0x00000000d8680000)
  from space 5120K, 99% used [0x00000000d8b80000,0x00000000d9078020,0x00000000d9080000)
  to   space 5120K, 0% used [0x00000000d8680000,0x00000000d8680000,0x00000000d8b80000)
 ParOldGen       total 64512K, used 10898K [0x0000000081a00000, 0x0000000085900000, 0x00000000d5e00000)
  object space 64512K, 16% used [0x0000000081a00000,0x00000000824a4a68,0x0000000085900000)
 Metaspace       used 25748K, capacity 27031K, committed 27136K, reserved 1073152K
  class space    used 3519K, capacity 3789K, committed 3840K, reserved 1048576K
Event: 8.672 GC heap after
Heap after GC invocations=6 (full 1):
 PSYoungGen      total 46592K, used 5104K [0x00000000d5e00000, 0x00000000dab00000, 0x0000000100000000)
  eden space 41472K, 0% used [0x00000000d5e00000,0x00000000d5e00000,0x00000000d8680000)
  from space 5120K, 99% used [0x00000000d8680000,0x00000000d8b7c040,0x00000000d8b80000)
  to   space 8704K, 0% used [0x00000000da280000,0x00000000da280000,0x00000000dab00000)
 ParOldGen       total 64512K, used 12746K [0x0000000081a00000, 0x0000000085900000, 0x00000000d5e00000)
  object space 64512K, 19% used [0x0000000081a00000,0x0000000082672ae8,0x0000000085900000)
 Metaspace       used 25748K, capacity 27031K, committed 27136K, reserved 1073152K
  class space    used 3519K, capacity 3789K, committed 3840K, reserved 1048576K
}
Event: 8.799 GC heap before
{Heap before GC invocations=7 (full 1):
 PSYoungGen      total 46592K, used 46576K [0x00000000d5e00000, 0x00000000dab00000, 0x0000000100000000)
  eden space 41472K, 100% used [0x00000000d5e00000,0x00000000d8680000,0x00000000d8680000)
  from space 5120K, 99% used [0x00000000d8680000,0x00000000d8b7c040,0x00000000d8b80000)
  to   space 8704K, 0% used [0x00000000da280000,0x00000000da280000,0x00000000dab00000)
 ParOldGen       total 64512K, used 12746K [0x0000000081a00000, 0x0000000085900000, 0x00000000d5e00000)
  object space 64512K, 19% used [0x0000000081a00000,0x0000000082672ae8,0x0000000085900000)
 Metaspace       used 25748K, capacity 27031K, committed 27136K, reserved 1073152K
  class space    used 3519K, capacity 3789K, committed 3840K, reserved 1048576K
Event: 8.810 GC heap after
Heap after GC invocations=7 (full 1):
 PSYoungGen      total 69120K, used 8688K [0x00000000d5e00000, 0x00000000db280000, 0x0000000100000000)
  eden space 60416K, 0% used [0x00000000d5e00000,0x00000000d5e00000,0x00000000d9900000)
  from space 8704K, 99% used [0x00000000da280000,0x00000000daafc060,0x00000000dab00000)
  to   space 9728K, 0% used [0x00000000d9900000,0x00000000d9900000,0x00000000da280000)
 ParOldGen       total 64512K, used 12994K [0x0000000081a00000, 0x0000000085900000, 0x00000000d5e00000)
  object space 64512K, 20% used [0x0000000081a00000,0x00000000826b0ae8,0x0000000085900000)
 Metaspace       used 25748K, capacity 27031K, committed 27136K, reserved 1073152K
  class space    used 3519K, capacity 3789K, committed 3840K, reserved 1048576K
}
Event: 8.955 GC heap before
{Heap before GC invocations=8 (full 1):
 PSYoungGen      total 69120K, used 69104K [0x00000000d5e00000, 0x00000000db280000, 0x0000000100000000)
  eden space 60416K, 100% used [0x00000000d5e00000,0x00000000d9900000,0x00000000d9900000)
  from space 8704K, 99% used [0x00000000da280000,0x00000000daafc060,0x00000000dab00000)
  to   space 9728K, 0% used [0x00000000d9900000,0x00000000d9900000,0x00000000da280000)
 ParOldGen       total 64512K, used 12994K [0x0000000081a00000, 0x0000000085900000, 0x00000000d5e00000)
  object space 64512K, 20% used [0x0000000081a00000,0x00000000826b0ae8,0x0000000085900000)
 Metaspace       used 25762K, capacity 27031K, committed 27136K, reserved 1073152K
  class space    used 3519K, capacity 3789K, committed 3840K, reserved 1048576K
Event: 8.970 GC heap after
Heap after GC invocations=8 (full 1):
 PSYoungGen      total 70144K, used 9712K [0x00000000d5e00000, 0x00000000db280000, 0x0000000100000000)
  eden space 60416K, 0% used [0x00000000d5e00000,0x00000000d5e00000,0x00000000d9900000)
  from space 9728K, 99% used [0x00000000d9900000,0x00000000da27c0a0,0x00000000da280000)
  to   space 8704K, 0% used [0x00000000da280000,0x00000000da280000,0x00000000dab00000)
 ParOldGen       total 64512K, used 14674K [0x0000000081a00000, 0x0000000085900000, 0x00000000d5e00000)
  object space 64512K, 22% used [0x0000000081a00000,0x0000000082854b48,0x0000000085900000)
 Metaspace       used 25762K, capacity 27031K, committed 27136K, reserved 1073152K
  class space    used 3519K, capacity 3789K, committed 3840K, reserved 1048576K
}

Deoptimization events (10 events):
Event: 14.900 Thread 0x00000000192ab800 Uncommon trap: reason=unstable_if action=reinterpret pc=0x000000000367aee8 method=javafx.scene.CssStyleHelper.lookupInheritedFontProperty(Ljavafx/css/Styleable;Ljava/lang/String;Lcom/sun/javafx/css/StyleMap;ILcom/sun/javafx/css/CascadingStyle;)Lcom/sun/jav¼]¤ÙëÌ-@
Event: 14.900 Thread 0x00000000192ab800 Uncommon trap: reason=unstable_if action=reinterpret pc=0x00000000031f80b4 method=javafx.scene.CssStyleHelper.resolveRef(Ljavafx/css/Styleable;Ljava/lang/String;Lcom/sun/javafx/css/StyleMap;Ljava/util/Set;)Lcom/sun/javafx/css/CascadingStyle; @ 66
Event: 14.940 Thread 0x00000000192ab800 Uncommon trap: reason=class_check action=maybe_recompile pc=0x00000000034b6478 method=java.lang.AbstractStringBuilder.append(Ljava/lang/CharSequence;)Ljava/lang/AbstractStringBuilder; @ 37
Event: 14.940 Thread 0x00000000192ab800 Uncommon trap: reason=unstable_if action=reinterpret pc=0x0000000003368a50 method=java.util.regex.Matcher.search(I)Z @ 30
Event: 14.942 Thread 0x00000000192ab800 Uncommon trap: reason=class_check action=maybe_recompile pc=0x00000000034b6478 method=java.lang.AbstractStringBuilder.append(Ljava/lang/CharSequence;)Ljava/lang/AbstractStringBuilder; @ 37
Event: 15.124 Thread 0x000000001927d000 Uncommon trap: reason=class_check action=maybe_recompile pc=0x0000000002fd7284 method=java.util.concurrent.ConcurrentHashMap.putVal(Ljava/lang/Object;Ljava/lang/Object;Z)Ljava/lang/Object; @ 192
Event: 15.133 Thread 0x00000000192ab800 Uncommon trap: reason=class_check action=maybe_recompile pc=0x00000000036acf24 method=javafx.scene.Node.updateLocalToParentTransform()V @ 11
Event: 15.134 Thread 0x00000000192ab800 Uncommon trap: reason=class_check action=maybe_recompile pc=0x00000000036acf24 method=javafx.scene.Node.updateLocalToParentTransform()V @ 11
Event: 15.134 Thread 0x00000000192ab800 Uncommon trap: reason=class_check action=maybe_recompile pc=0x00000000036acf24 method=javafx.scene.Node.updateLocalToParentTransform()V @ 11
Event: 15.134 Thread 0x00000000192ab800 Uncommon trap: reason=class_check action=maybe_recompile pc=0x00000000036acf24 method=javafx.scene.Node.updateLocalToParentTransform()V @ 11

Internal exceptions (10 events):
Event: 14.644 Thread 0x00000000192ab800 Exception <a 'java/lang/NoSuchMethodError': java.lang.Object.lambda$of$499(Ljava/lang/Object;)Ljava/lang/Object;> (0x00000000d759fea8) thrown at [C:\re\workspace\8-2-build-windows-amd64-cygwin\jdk8u45\3627\hotspot\src\share\vm\interpreter\linkResolver.cpp,Î›Ì•éI-@
Event: 14.644 Thread 0x00000000192ab800 Exception <a 'java/lang/NoSuchMethodError': java.lang.Object.lambda$zipWithIndex$448([JLjava/util/Spliterator;Ljava/util/function/Consumer;)Z> (0x00000000d75a6610) thrown at [C:\re\workspace\8-2-build-windows-amd64-cygwin\jdk8u45\3627\hotspot\src\share\vm\”åÇf÷L-@
Event: 14.650 Thread 0x00000000192ab800 Exception <a 'java/lang/NoSuchMethodError': java.lang.Object.lambda$null$447(Ljava/util/function/Consumer;[JLjava/lang/Object;)V> (0x00000000d75cb720) thrown at [C:\re\workspace\8-2-build-windows-amd64-cygwin\jdk8u45\3627\hotspot\src\share\vm\interpreter\lžŠ,PíO-@
Event: 14.656 Thread 0x00000000192ab800 Exception <a 'java/lang/NoSuchMethodError': java.lang.Object.lambda$compose$5(Ljava/util/function/Function;Ljava/lang/Object;)Ljava/lang/Object;> (0x00000000d76235f8) thrown at [C:\re\workspace\8-2-build-windows-amd64-cygwin\jdk8u45\3627\hotspot\src\share\é¸ â&R-@
Event: 14.660 Thread 0x00000000192ab800 Exception <a 'java/lang/NoSuchMethodError': java.lang.Object.lambda$window$377(Ljava/util/Map;Lorg/jooq/lambda/WindowSpecification;Lorg/jooq/lambda/tuple/Tuple2;)Lorg/jooq/lambda/tuple/Tuple1;> (0x00000000d7661ee0) thrown at [C:\re\workspace\8-2-build-wind
Event: 14.661 Thread 0x00000000192ab800 Exception <a 'java/lang/NoSuchMethodError': java.lang.Object.lambda$window$369(Lorg/jooq/lambda/tuple/Tuple1;)Lorg/jooq/lambda/Window;> (0x00000000d7666c88) thrown at [C:\re\workspace\8-2-build-windows-amd64-cygwin\jdk8u45\3627\hotspot\src\share\vm\interpr Q?€HT-@
Event: 14.665 Thread 0x00000000192ab800 Exception <a 'java/lang/NoSuchMethodError': java.lang.Object.lambda$comparing$77a9974f$1(Ljava/util/function/Function;Ljava/lang/Object;Ljava/lang/Object;)I> (0x00000000d76878e0) thrown at [C:\re\workspace\8-2-build-windows-amd64-cygwin\jdk8u45\3627\hotspoIa…w-@
Event: 14.733 Thread 0x00000000192ab800 Implicit null exception at 0x000000000382c432 to 0x000000000382c7b5
Event: 14.733 Thread 0x00000000192ab800 Implicit null exception at 0x0000000003393a6e to 0x0000000003393bfd
Event: 14.733 Thread 0x00000000192ab800 Implicit null exception at 0x0000000003377f6e to 0x0000000003377fd1

Events (10 events):
Event: 15.161 loading class com/sun/javafx/font/directwrite/ID2D1Factory
Event: 15.161 loading class com/sun/javafx/font/directwrite/ID2D1Factory done
Event: 15.165 loading class com/sun/javafx/font/directwrite/ID2D1RenderTarget
Event: 15.165 loading class com/sun/javafx/font/directwrite/ID2D1RenderTarget done
Event: 15.166 loading class com/sun/javafx/font/directwrite/D2D1_POINT_2F
Event: 15.166 loading class com/sun/javafx/font/directwrite/D2D1_POINT_2F done
Event: 15.166 loading class com/sun/javafx/font/directwrite/ID2D1Brush
Event: 15.166 loading class com/sun/javafx/font/directwrite/ID2D1Brush done
Event: 15.167 loading class com/sun/javafx/font/directwrite/IWICBitmapLock
Event: 15.167 loading class com/sun/javafx/font/directwrite/IWICBitmapLock done


Dynamic libraries:
0x00007ff7802e0000 - 0x00007ff780317000 	C:\Program Files\Java\jdk1.8.0_45\bin\java.exe
0x00007ff946d80000 - 0x00007ff946f2d000 	C:\Windows\SYSTEM32\ntdll.dll
0x00007ff946580000 - 0x00007ff9466be000 	C:\Windows\system32\KERNEL32.DLL
0x00007ff943ff0000 - 0x00007ff944105000 	C:\Windows\system32\KERNELBASE.dll
0x00007ff942a70000 - 0x00007ff942afe000 	C:\Windows\system32\apphelp.dll
0x00007ff93d2d0000 - 0x00007ff93d323000 	C:\Windows\AppPatch\AppPatch64\AcGenral.DLL
0x00007ff944fa0000 - 0x00007ff94504a000 	C:\Windows\system32\msvcrt.dll
0x00007ff943d70000 - 0x00007ff943d9e000 	C:\Windows\SYSTEM32\SspiCli.dll
0x00007ff944400000 - 0x00007ff944454000 	C:\Windows\system32\SHLWAPI.dll
0x00007ff944e20000 - 0x00007ff944f97000 	C:\Windows\system32\USER32.dll
0x00007ff946860000 - 0x00007ff9469f4000 	C:\Windows\system32\ole32.dll
0x00007ff945050000 - 0x00007ff94657a000 	C:\Windows\system32\SHELL32.dll
0x00007ff9434d0000 - 0x00007ff9434f1000 	C:\Windows\SYSTEM32\USERENV.dll
0x00007ff944bc0000 - 0x00007ff944c6a000 	C:\Windows\system32\ADVAPI32.dll
0x00007ff939280000 - 0x00007ff93929e000 	C:\Windows\SYSTEM32\MPR.dll
0x00007ff944880000 - 0x00007ff9449c1000 	C:\Windows\system32\RPCRT4.dll
0x00007ff9467f0000 - 0x00007ff946849000 	C:\Windows\SYSTEM32\sechost.dll
0x00007ff946b60000 - 0x00007ff946d71000 	C:\Windows\SYSTEM32\combase.dll
0x00007ff946a10000 - 0x00007ff946b60000 	C:\Windows\system32\GDI32.dll
0x00007ff943ed0000 - 0x00007ff943ee5000 	C:\Windows\SYSTEM32\profapi.dll
0x00007ff9426e0000 - 0x00007ff942792000 	C:\Windows\SYSTEM32\SHCORE.dll
0x00007ff944640000 - 0x00007ff944676000 	C:\Windows\system32\IMM32.DLL
0x00007ff944720000 - 0x00007ff944872000 	C:\Windows\system32\MSCTF.dll
0x00007ff941e30000 - 0x00007ff9420ab000 	C:\Windows\WinSxS\amd64_microsoft.windows.common-controls_6595b64144ccf1df_6.0.9600.18006_none_623f33d3ecbe86e8\COMCTL32.dll
0x00000000544f0000 - 0x00000000545c2000 	C:\Program Files\Java\jdk1.8.0_45\jre\bin\msvcr100.dll
0x00000000545d0000 - 0x0000000054e53000 	C:\Program Files\Java\jdk1.8.0_45\jre\bin\server\jvm.dll
0x00007ff940c90000 - 0x00007ff940c99000 	C:\Windows\SYSTEM32\WSOCK32.dll
0x00007ff942470000 - 0x00007ff942492000 	C:\Windows\SYSTEM32\WINMM.dll
0x00007ff9420e0000 - 0x00007ff9420ea000 	C:\Windows\SYSTEM32\VERSION.dll
0x00007ff946a00000 - 0x00007ff946a07000 	C:\Windows\system32\PSAPI.DLL
0x00007ff9445e0000 - 0x00007ff94463a000 	C:\Windows\system32\WS2_32.dll
0x00007ff942440000 - 0x00007ff94246a000 	C:\Windows\SYSTEM32\WINMMBASE.dll
0x00007ff9446a0000 - 0x00007ff9446a9000 	C:\Windows\system32\NSI.dll
0x00007ff943fa0000 - 0x00007ff943fef000 	C:\Windows\SYSTEM32\cfgmgr32.dll
0x00007ff942cc0000 - 0x00007ff942ce8000 	C:\Windows\SYSTEM32\DEVOBJ.dll
0x00000000544a0000 - 0x00000000544af000 	C:\Program Files\Java\jdk1.8.0_45\jre\bin\verify.dll
0x0000000054470000 - 0x0000000054499000 	C:\Program Files\Java\jdk1.8.0_45\jre\bin\java.dll
0x0000000054450000 - 0x0000000054466000 	C:\Program Files\Java\jdk1.8.0_45\jre\bin\zip.dll
0x0000000054130000 - 0x000000005415c000 	C:\Program Files\Java\jdk1.8.0_45\jre\bin\prism_d3d.dll
0x00007ff927c30000 - 0x00007ff927e51000 	C:\Windows\system32\d3d9.dll
0x00007ff941bc0000 - 0x00007ff941be1000 	C:\Windows\SYSTEM32\dwmapi.dll
0x00007ff942b40000 - 0x00007ff942c69000 	C:\Windows\system32\uxtheme.dll
0x00007ff924ee0000 - 0x00007ff9265e6000 	C:\Windows\SYSTEM32\igdumdim64.dll
0x00000000540e0000 - 0x0000000054121000 	C:\Program Files\Java\jdk1.8.0_45\jre\bin\glass.dll
0x00007ff944520000 - 0x00007ff9445d6000 	C:\Windows\system32\COMDLG32.dll
0x00007ff9466c0000 - 0x00007ff946781000 	C:\Windows\system32\OLEAUT32.dll
0x00007ff942d10000 - 0x00007ff942d1b000 	C:\Windows\SYSTEM32\kernel.appcore.dll
0x00007ff943e10000 - 0x00007ff943e1b000 	C:\Windows\SYSTEM32\CRYPTBASE.dll
0x00007ff943da0000 - 0x00007ff943e03000 	C:\Windows\SYSTEM32\bcryptPrimitives.dll
0x00007ff93d830000 - 0x00007ff93e1c7000 	C:\Windows\SYSTEM32\igdusc64.dll
0x00000000540c0000 - 0x00000000540d5000 	C:\Program Files\Java\jdk1.8.0_45\jre\bin\javafx_font.dll
0x00007ff93e5c0000 - 0x00007ff93e7ac000 	C:\Windows\SYSTEM32\dwrite.dll
0x00007ff944460000 - 0x00007ff944516000 	C:\Windows\SYSTEM32\clbcatq.dll
0x00007ff93e3b0000 - 0x00007ff93e55e000 	C:\Windows\SYSTEM32\WindowsCodecs.dll
0x00007ff9437c0000 - 0x00007ff9437e0000 	C:\Windows\SYSTEM32\CRYPTSP.dll
0x00007ff9433c0000 - 0x00007ff9433f6000 	C:\Windows\system32\rsaenh.dll
0x00007ff943a60000 - 0x00007ff943a86000 	C:\Windows\SYSTEM32\bcrypt.dll
0x00007ff940cf0000 - 0x00007ff940d1e000 	C:\Program Files\Common Files\Microsoft Shared\Ink\rtscom.dll
0x00000000540a0000 - 0x00000000540b1000 	C:\Program Files\Java\jdk1.8.0_45\jre\bin\prism_common.dll
0x00007ff9449d0000 - 0x00007ff944baa000 	C:\Windows\system32\SETUPAPI.dll
0x00007ff93cfd0000 - 0x00007ff93d14f000 	C:\Windows\system32\propsys.dll
0x00007ff92d940000 - 0x00007ff92d9eb000 	C:\Program Files\Common Files\microsoft shared\ink\tiptsf.dll
0x00007ff931a90000 - 0x00007ff931d8b000 	C:\Windows\system32\explorerframe.dll
0x00007ff9407e0000 - 0x00007ff940884000 	C:\Windows\system32\DUser.dll
0x00007ff941590000 - 0x00007ff941751000 	C:\Windows\system32\DUI70.dll
0x00007ff92a990000 - 0x00007ff92aabb000 	C:\Windows\System32\Windows.Globalization.dll
0x00007ff93e7b0000 - 0x00007ff93e816000 	C:\Windows\System32\Bcp47Langs.dll
0x00007ff940cc0000 - 0x00007ff940cec000 	C:\Windows\SYSTEM32\globinputhost.dll
0x00007ff92d7d0000 - 0x00007ff92d88c000 	C:\Windows\System32\StructuredQuery.dll
0x00007ff9387a0000 - 0x00007ff938a63000 	C:\Windows\System32\actxprxy.dll
0x00007ff93e3a0000 - 0x00007ff93e3af000 	C:\Windows\SYSTEM32\atlthunk.dll
0x00007ff941860000 - 0x00007ff94188e000 	C:\Windows\System32\thumbcache.dll
0x00007ff92e780000 - 0x00007ff92e8bc000 	C:\Windows\system32\SearchFolder.dll
0x00007ff93be40000 - 0x00007ff93be57000 	C:\Windows\SYSTEM32\samcli.dll
0x00007ff940140000 - 0x00007ff94015f000 	C:\Windows\SYSTEM32\SAMLIB.dll
0x00007ff943110000 - 0x00007ff94311c000 	C:\Windows\SYSTEM32\netutils.dll
0x00007ff938530000 - 0x00007ff9385f9000 	C:\Windows\System32\twinapi.dll
0x00007ff938f70000 - 0x00007ff939010000 	C:\Windows\System32\twinapi.appcore.dll
0x00007ff92e5e0000 - 0x00007ff92e77d000 	C:\Windows\system32\NetworkExplorer.dll
0x00007ff9348c0000 - 0x00007ff93497a000 	C:\Windows\SYSTEM32\ntshrui.dll
0x00007ff943b80000 - 0x00007ff943ba6000 	C:\Windows\SYSTEM32\srvcli.dll
0x00007ff93a490000 - 0x00007ff93a4a2000 	C:\Windows\SYSTEM32\cscapi.dll
0x00007ff942650000 - 0x00007ff94265b000 	C:\Windows\System32\drprov.dll
0x00007ff943200000 - 0x00007ff94325a000 	C:\Windows\System32\WINSTA.dll
0x00007ff942590000 - 0x00007ff9425a7000 	C:\Windows\System32\ntlanman.dll
0x00007ff93b290000 - 0x00007ff93b2af000 	C:\Windows\System32\davclnt.dll
0x00007ff942580000 - 0x00007ff94258c000 	C:\Windows\System32\DAVHLPR.dll
0x00007ff940710000 - 0x00007ff940727000 	C:\Windows\System32\wkscli.dll
0x00007ff93ba00000 - 0x00007ff93ba7b000 	C:\Windows\System32\dlnashext.dll
0x00007ff942660000 - 0x00007ff9426ae000 	C:\Windows\System32\PlayToDevice.dll
0x00007ff93d280000 - 0x00007ff93d29e000 	C:\Windows\System32\DevDispItemProvider.dll
0x00007ff939300000 - 0x00007ff9393b4000 	C:\Windows\System32\PortableDeviceApi.dll
0x00007ff944110000 - 0x00007ff944161000 	C:\Windows\system32\WINTRUST.dll
0x00007ff944170000 - 0x00007ff94434f000 	C:\Windows\system32\CRYPT32.dll
0x00007ff943f80000 - 0x00007ff943f91000 	C:\Windows\system32\MSASN1.dll
0x00007ff932250000 - 0x00007ff932287000 	C:\Windows\System32\EhStorShell.dll
0x00007ff93d370000 - 0x00007ff93d396000 	C:\Windows\System32\EhStorAPI.dll
0x00007ff9427a0000 - 0x00007ff9427b2000 	C:\Windows\System32\WTSAPI32.dll
0x00007ff93b860000 - 0x00007ff93b86d000 	C:\Windows\SYSTEM32\LINKINFO.dll
0x00007ff92e3c0000 - 0x00007ff92e5d4000 	C:\PROGRA~1\MICROS~1\Office16\GROOVEEX.DLL
0x00007ff9381e0000 - 0x00007ff9381f7000 	C:\Windows\SYSTEM32\VCRUNTIME140.dll
0x00007ff92dd70000 - 0x00007ff92de0e000 	C:\Windows\SYSTEM32\MSVCP140.dll
0x00007ff93b280000 - 0x00007ff93b284000 	C:\Windows\SYSTEM32\api-ms-win-crt-runtime-l1-1-0.dll
0x00007ff93a4c0000 - 0x00007ff93a4c4000 	C:\Windows\SYSTEM32\api-ms-win-crt-string-l1-1-0.dll
0x00007ff939940000 - 0x00007ff939943000 	C:\Windows\SYSTEM32\api-ms-win-crt-heap-l1-1-0.dll
0x00007ff9391d0000 - 0x00007ff9391d4000 	C:\Windows\SYSTEM32\api-ms-win-crt-stdio-l1-1-0.dll
0x00007ff938600000 - 0x00007ff938604000 	C:\Windows\SYSTEM32\api-ms-win-crt-convert-l1-1-0.dll
0x00007ff937910000 - 0x00007ff937913000 	C:\Windows\SYSTEM32\api-ms-win-crt-locale-l1-1-0.dll
0x00007ff937900000 - 0x00007ff937903000 	C:\Windows\SYSTEM32\api-ms-win-crt-utility-l1-1-0.dll
0x00007ff9377d0000 - 0x00007ff9377d3000 	C:\Windows\SYSTEM32\api-ms-win-crt-time-l1-1-0.dll
0x00007ff937750000 - 0x00007ff937753000 	C:\Windows\SYSTEM32\api-ms-win-crt-filesystem-l1-1-0.dll
0x00007ff937740000 - 0x00007ff937745000 	C:\Windows\SYSTEM32\api-ms-win-crt-math-l1-1-0.dll
0x00007ff935ab0000 - 0x00007ff935ab5000 	C:\Windows\SYSTEM32\api-ms-win-crt-multibyte-l1-1-0.dll
0x00007ff935aa0000 - 0x00007ff935aa3000 	C:\Windows\SYSTEM32\api-ms-win-crt-environment-l1-1-0.dll
0x00007ff92dc70000 - 0x00007ff92dd64000 	C:\Windows\SYSTEM32\ucrtbase.DLL
0x00007ff931750000 - 0x00007ff931a81000 	C:\Windows\SYSTEM32\msi.dll
0x00007ff92bc50000 - 0x00007ff92c4ce000 	C:\PROGRA~1\MICROS~1\Office16\1033\GrooveIntlResource.dll
0x00000000554c0000 - 0x00000000554d6000 	C:\Program Files\Common Files\TortoiseOverlays\TortoiseOverlays.dll
0x00000000554a0000 - 0x00000000554b7000 	C:\Program Files\TortoiseSVN\bin\TortoiseStub.dll
0x0000000055420000 - 0x000000005549d000 	C:\Program Files\TortoiseSVN\bin\TortoiseSVN.dll
0x00007ff93e940000 - 0x00007ff93ebc3000 	C:\Windows\SYSTEM32\WININET.dll
0x00007ff92b7a0000 - 0x00007ff92bc47000 	C:\Program Files\TortoiseSVN\bin\libsvn_tsvn.dll
0x00000000553f0000 - 0x000000005541e000 	C:\Program Files\TortoiseSVN\bin\libapr_tsvn.dll
0x00007ff9325f0000 - 0x00007ff932601000 	C:\Program Files\TortoiseSVN\bin\intl3_tsvn.dll
0x00007ff92d890000 - 0x00007ff92d937000 	C:\Windows\SYSTEM32\MSVCP110.dll
0x00007ff92b6c0000 - 0x00007ff92b794000 	C:\Windows\SYSTEM32\MSVCR110.dll
0x00007ff93ebd0000 - 0x00007ff93ee98000 	C:\Windows\SYSTEM32\iertutil.dll
0x00000000553a0000 - 0x00000000553e5000 	C:\Program Files\TortoiseSVN\bin\libaprutil_tsvn.dll

VM Arguments:
java_command: com.ro.ssc.app.client.MainApp
java_class_path (initial): E:\ssc\client\target\classes;C:\Users\DauBufu\.m2\repository\org\apache\pdfbox\pdfbox\1.8.9\pdfbox-1.8.9.jar;C:\Users\DauBufu\.m2\repository\org\apache\pdfbox\fontbox\1.8.9\fontbox-1.8.9.jar;C:\Users\DauBufu\.m2\repository\org\apache\pdfbox\jempbox\1.8.9\jempbox-1.8.9.jar;C:\Users\DauBufu\.m2\repository\commons-logging\commons-logging\1.1.1\commons-logging-1.1.1.jar;C:\Users\DauBufu\.m2\repository\org\apache\pdfbox\pdfbox-examples\1.8.9\pdfbox-examples-1.8.9.jar;C:\Users\DauBufu\.m2\repository\org\apache\pdfbox\xmpbox\1.8.9\xmpbox-1.8.9.jar;C:\Users\DauBufu\.m2\repository\org\apache\pdfbox\preflight\1.8.9\preflight-1.8.9.jar;C:\Users\DauBufu\.m2\repository\commons-io\commons-io\1.4\commons-io-1.4.jar;C:\Users\DauBufu\.m2\repository\javax\activation\activation\1.1.1\activation-1.1.1.jar;C:\Users\DauBufu\.m2\repository\com\healthmarketscience\jackcess\jackcess\2.0.3\jackcess-2.0.3.jar;C:\Users\DauBufu\.m2\repository\commons-lang\commons-lang\2.0\commons-lang-2.0.jar;C:\Users\DauBufu\.m2\repository\javax\inject\javax.inject\1\javax.inject-1.jar;C:\Users\DauBufu\.m2\repository\joda-time\joda-time\2.6\joda-time-2.6.jar;C:\Users\DauBufu\.m2\repository\org\jooq\jool\0.9.10\jool-0.9.10.jar;C:\Users\DauBufu\.m2\repository\org\slf4j\slf4j-api\1.7.7\slf4j-api-1.7.7.jar;C:\Users\DauBufu\.m2\repository\org\slf4j\jcl-over-slf4j\1.7.7\jcl-over-slf4j-1.7.7.jar;C:\Users\DauBufu\.m2\repository\org\slf4j\slf4j-log4j12\1.7.7\slf4j-log4j12-1.7.7.jar;C:\Users\DauBufu\.m2\repository\log4j\log4j\1.2.17\log4j-1.2.17.jar;C:\Users\DauBufu\.m2\repository\org\apache\poi\poi\3.9\poi-3.9.jar;C:\Users\DauBufu\.m2\repository\commons-codec\commons-codec\1.5\commons-codec-1.5.jar;C:\Users\DauBufu\.m2\repository\org\apache\poi\poi-ooxml\3.9\poi-ooxml-3.9.jar;C:\Users\DauBufu\.m2\repository\dom4j\dom4j\1.6.1\dom4j-1.6.1.jar;C:\Users\DauBufu\.m2\repository\xml-apis\xml-apis\1.0.b2\xml-apis-1.0.b2.jar;C:\Users\DauBufu\.m2\repository\org\apache\poi\poi-ooxml-schemas\3.9\poi-oo
Launcher Type: SUN_STANDARD

Environment Variables:
JAVA_HOME=C:\Program Files\Java\jdk1.8.0_45
PATH=C:\Program Files (x86)\Java\jdk1.8.0_45\bin;C:\ProgramData\Oracle\Java\javapath;C:\Program Files (x86)\NVIDIA Corporation\PhysX\Common;C:\Windows\system32;C:\Windows;C:\Windows\System32\Wbem;C:\Windows\System32\WindowsPowerShell\v1.0\;C:\Program Files (x86)\NetBeans 8.0.2\java\maven\bin;C:\Program Files\TortoiseSVN\bin;C:\Program Files (x86)\Skype\Phone\;C:\Program Files (x86)\FreeArc\bin
USERNAME=DauBufu
OS=Windows_NT
PROCESSOR_IDENTIFIER=Intel64 Family 6 Model 69 Stepping 1, GenuineIntel



---------------  S Y S T E M  ---------------

OS: Windows 8.1 , 64 bit Build 9600 (6.3.9600.17415)

CPU:total 4 (2 cores per cpu, 2 threads per core) family 6 model 69 stepping 1, cmov, cx8, fxsr, mmx, sse, sse2, sse3, ssse3, sse4.1, sse4.2, popcnt, avx, avx2, aes, clmul, erms, lzcnt, ht, tsc, tscinvbit, bmi1, bmi2

Memory: 4k page, physical 8278296k(1250680k free), swap 11424024k(5124k free)

vm_info: Java HotSpot(TM) 64-Bit Server VM (25.45-b02) for windows-amd64 JRE (1.8.0_45-b15), built on Apr 30 2015 12:40:44 by "java_re" with MS VC++ 10.0 (VS2010)

time: Sun Apr 03 22:27:51 2016
elapsed time: 15 seconds (0d 0h 0m 15s)

